<?xml version="1.0" encoding="UTF-8"?>
<!-- Generated by org.testng.reporters.JUnitReportReporter -->
<testsuite hostname="HEU-PEDRO-PRADIITA" failures="0" tests="1" name="script.Api2Test" time="4.324" errors="0" timestamp="2021-11-15T06:07:00 ICT" skipped="0">
  <testcase classname="script.Api2Test" name="Main" time="4.324"/>
  <system-out/>
</testsuite> <!-- script.Api2Test -->
