<?xml version="1.0" encoding="UTF-8"?>
<!-- Generated by org.testng.reporters.JUnitReportReporter -->
<testsuite hostname="HEU-PEDRO-PRADIITA" failures="0" tests="1" name="script.ApiTest" time="5.484" errors="0" timestamp="2021-11-15T06:11:45 ICT" skipped="0">
  <testcase classname="script.ApiTest" name="Main" time="5.484"/>
  <system-out/>
</testsuite> <!-- script.ApiTest -->
