<?xml version="1.0" encoding="UTF-8"?>
<!-- Generated by org.testng.reporters.JUnitReportReporter -->
<testsuite skipped="0" hostname="HEU-PEDRO-PRADIITA" name="script.ApiTest" tests="1" failures="0" timestamp="2021-11-15T06:26:32 ICT" time="8.169" errors="0">
  <testcase name="Main" time="8.169" classname="script.ApiTest"/>
  <system-out/>
</testsuite> <!-- script.ApiTest -->
